----------------------------------------------------------------
<<<<<<< HEAD
Mon Jan 27 18:57:52 CET 2014:
Booting Derby version The Apache Software Foundation - Apache Derby - 10.10.1.1 - (1458268): instance a816c00e-0143-d4d9-afbe-00000d695e90 
on database directory /home/marjolaine/Bureau/bitcoinWeb/target/taskdb with class loader WebappClassLoader
  context: 
  delegate: false
  repositories:
----------> Parent Classloader:
ClassRealm[plugin>org.apache.tomcat.maven:tomcat7-maven-plugin:2.1, parent: sun.misc.Launcher$AppClassLoader@16f0472]
 
Loaded from file:/home/marjolaine/.m2/repository/org/apache/derby/derby/10.10.1.1/derby-10.10.1.1.jar
java.vendor=Sun Microsystems Inc.
java.runtime.version=1.6.0_30-b12
user.dir=/home/marjolaine/Bureau/bitcoinWeb
os.name=Linux
os.arch=i386
os.version=3.2.0-54-generic-pae
=======
<<<<<<< HEAD
Wed Jan 29 16:54:03 CET 2014:
Booting Derby version The Apache Software Foundation - Apache Derby - 10.10.1.1 - (1458268): instance a816c00e-0143-deb5-0a87-000004276d48 
on database directory /Users/bphan-luong/Desktop/bitcoinWeb2/target/testdb with class loader sun.misc.Launcher$AppClassLoader@535ff48b 
Loaded from file:/Users/bphan-luong/.m2/repository/org/apache/derby/derby/10.10.1.1/derby-10.10.1.1.jar
java.vendor=Apple Inc.
java.runtime.version=1.6.0_33-b03-424-11M3720
user.dir=/Users/bphan-luong/Desktop/bitcoinWeb2
os.name=Mac OS X
os.arch=x86_64
os.version=10.7.4
=======
Wed Jan 29 16:54:46 CET 2014:
Booting Derby version The Apache Software Foundation - Apache Derby - 10.10.1.1 - (1458268): instance a816c00e-0143-deb5-b31b-000004221828 
on database directory /Users/atoudic/IdeaProjects/bitcoinWeb2/target/testdb with class loader sun.misc.Launcher$AppClassLoader@5ab8df17 
Loaded from file:/Users/atoudic/.m2/repository/org/apache/derby/derby/10.10.1.1/derby-10.10.1.1.jar
java.vendor=Apple Inc.
java.runtime.version=1.6.0_65-b14-462-11M4609
user.dir=/Users/atoudic/IdeaProjects/bitcoinWeb2
os.name=Mac OS X
os.arch=x86_64
os.version=10.7.5
>>>>>>> 0d22225a29cb189f664d2c3da323390d1071d0c7
>>>>>>> b6556cef388ae642569af0b976c5d95da9258438
derby.system.home=null
Database Class Loader started - derby.database.classpath=''
